#
# There is insufficient memory for the Java Runtime Environment to continue.
# Native memory allocation (malloc) failed to allocate 1048576 bytes for AllocateHeap
# Possible reasons:
#   The system is out of physical RAM or swap space
#   In 32 bit mode, the process size limit was hit
# Possible solutions:
#   Reduce memory load on the system
#   Increase physical memory or swap space
#   Check if swap backing store is full
#   Use 64 bit Java on a 64 bit OS
#   Decrease Java heap size (-Xmx/-Xms)
#   Decrease number of Java threads
#   Decrease Java thread stack sizes (-Xss)
#   Set larger code cache with -XX:ReservedCodeCacheSize=
# This output file may be truncated or incomplete.
#
#  Out of Memory Error (memory/allocation.inline.hpp:62), pid=5932, tid=2272
#
# JRE version:  (8.0_20-b26) (build )
# Java VM: Java HotSpot(TM) 64-Bit Server VM (25.20-b23 mixed mode windows-amd64 compressed oops)
# Failed to write core dump. Minidumps are not enabled by default on client versions of Windows
#

---------------  T H R E A D  ---------------

Current thread (0x0000000001d00800):  JavaThread "Unknown thread" [_thread_in_vm, id=2272, stack(0x0000000001ba0000,0x0000000001ca0000)]

Stack: [0x0000000001ba0000,0x0000000001ca0000]
Native frames: (J=compiled Java code, j=interpreted, Vv=VM code, C=native code)
V  [jvm.dll+0x3152fa]


---------------  P R O C E S S  ---------------

Java Threads: ( => current thread )

Other Threads:

=>0x0000000001d00800 (exited) JavaThread "Unknown thread" [_thread_in_vm, id=2272, stack(0x0000000001ba0000,0x0000000001ca0000)]

VM state:not at safepoint (normal execution)

VM Mutex/Monitor currently owned by a thread: None

Heap:
 PSYoungGen      total 18944K, used 327K [0x00000000eb300000, 0x00000000ec800000, 0x0000000100000000)
  eden space 16384K, 2% used [0x00000000eb300000,0x00000000eb351ec8,0x00000000ec300000)
  from space 2560K, 0% used [0x00000000ec580000,0x00000000ec580000,0x00000000ec800000)
  to   space 2560K, 0% used [0x00000000ec300000,0x00000000ec300000,0x00000000ec580000)
 ParOldGen       total 44032K, used 0K [0x00000000c1800000, 0x00000000c4300000, 0x00000000eb300000)
  object space 44032K, 0% used [0x00000000c1800000,0x00000000c1800000,0x00000000c4300000)
 Metaspace       used 654K, capacity 4480K, committed 4480K, reserved 1056768K
  class space    used 66K, capacity 384K, committed 384K, reserved 1048576K

Card table byte_map: [0x00000000112c0000,0x00000000114c0000] byte_map_base: 0x0000000010cb4000

Marking Bits: (ParMarkBitMap*) 0x0000000052cdb460
 Begin Bits: [0x0000000011a10000, 0x00000000129b0000)
 End Bits:   [0x00000000129b0000, 0x0000000013950000)

Polling page: 0x0000000000440000

CodeCache: size=245760Kb used=327Kb max_used=327Kb free=245432Kb
 bounds [0x0000000001f00000, 0x0000000002170000, 0x0000000010f00000]
 total_blobs=56 nmethods=0 adapters=37
 compilation: enabled

Compilation events (0 events):
No events

GC Heap History (0 events):
No events

Deoptimization events (0 events):
No events

Internal exceptions (0 events):
No events

Events (10 events):
Event: 0.053 loading class java/lang/Short
Event: 0.053 loading class java/lang/Short done
Event: 0.053 loading class java/lang/Integer
Event: 0.053 loading class java/lang/Integer done
Event: 0.053 loading class java/lang/Long
Event: 0.053 loading class java/lang/Long done
Event: 0.054 loading class java/lang/NullPointerException
Event: 0.054 loading class java/lang/NullPointerException done
Event: 0.054 loading class java/lang/ArithmeticException
Event: 0.054 loading class java/lang/ArithmeticException done


Dynamic libraries:
0x00007ff7d2490000 - 0x00007ff7d24c4000 	C:\Program Files\Java\jre1.8.0_20\bin\javaw.exe
0x00007ffbc6830000 - 0x00007ffbc69dd000 	C:\Windows\SYSTEM32\ntdll.dll
0x00007ffbc3f20000 - 0x00007ffbc405f000 	C:\Windows\system32\KERNEL32.DLL
0x00007ffbb75c0000 - 0x00007ffbb75d2000 	C:\Program Files\AVAST Software\Avast\aswhook.dll
0x00007ffbc3d50000 - 0x00007ffbc3e65000 	C:\Windows\system32\KERNELBASE.dll
0x00007ffbc2520000 - 0x00007ffbc25ae000 	C:\Windows\system32\apphelp.dll
0x00007ffbbdd20000 - 0x00007ffbbdd74000 	C:\Windows\AppPatch\AppPatch64\AcGenral.DLL
0x00007ffbc4210000 - 0x00007ffbc42ba000 	C:\Windows\system32\msvcrt.dll
0x00007ffbc3a30000 - 0x00007ffbc3a5e000 	C:\Windows\system32\SspiCli.dll
0x00007ffbc4380000 - 0x00007ffbc43d4000 	C:\Windows\system32\SHLWAPI.dll
0x00007ffbc6250000 - 0x00007ffbc63c7000 	C:\Windows\system32\USER32.dll
0x00007ffbc43e0000 - 0x00007ffbc4574000 	C:\Windows\system32\ole32.dll
0x00007ffbc4d20000 - 0x00007ffbc624b000 	C:\Windows\system32\SHELL32.dll
0x00007ffbc2ed0000 - 0x00007ffbc2ef1000 	C:\Windows\SYSTEM32\USERENV.dll
0x00007ffbc65e0000 - 0x00007ffbc668a000 	C:\Windows\system32\ADVAPI32.dll
0x00007ffbbdc80000 - 0x00007ffbbdc9e000 	C:\Windows\SYSTEM32\MPR.dll
0x00007ffbc4a10000 - 0x00007ffbc4b50000 	C:\Windows\system32\RPCRT4.dll
0x00007ffbc6690000 - 0x00007ffbc66e9000 	C:\Windows\SYSTEM32\sechost.dll
0x00007ffbc63d0000 - 0x00007ffbc65e0000 	C:\Windows\SYSTEM32\combase.dll
0x00007ffbc4bb0000 - 0x00007ffbc4cfc000 	C:\Windows\system32\GDI32.dll
0x00007ffbc3960000 - 0x00007ffbc3975000 	C:\Windows\SYSTEM32\profapi.dll
0x00007ffbc1ef0000 - 0x00007ffbc1fa2000 	C:\Windows\SYSTEM32\SHCORE.dll
0x00007ffbc4060000 - 0x00007ffbc4096000 	C:\Windows\system32\IMM32.DLL
0x00007ffbc40a0000 - 0x00007ffbc41f1000 	C:\Windows\system32\MSCTF.dll
0x00007ffbc18c0000 - 0x00007ffbc1b3b000 	C:\Windows\WinSxS\amd64_microsoft.windows.common-controls_6595b64144ccf1df_6.0.9600.19358_none_6244092fecba36f7\COMCTL32.dll
0x0000000051aa0000 - 0x0000000051b72000 	C:\Program Files\Java\jre1.8.0_20\bin\msvcr100.dll
0x0000000052500000 - 0x0000000052d58000 	C:\Program Files\Java\jre1.8.0_20\bin\server\jvm.dll
0x00007ffbbdc70000 - 0x00007ffbbdc79000 	C:\Windows\SYSTEM32\WSOCK32.dll
0x00007ffbbfff0000 - 0x00007ffbc0012000 	C:\Windows\SYSTEM32\WINMM.dll
0x00007ffbc67b0000 - 0x00007ffbc67b7000 	C:\Windows\system32\PSAPI.DLL
0x00007ffbc4b50000 - 0x00007ffbc4baa000 	C:\Windows\system32\WS2_32.dll
0x00007ffbbffc0000 - 0x00007ffbbffea000 	C:\Windows\SYSTEM32\WINMMBASE.dll
0x00007ffbc4d10000 - 0x00007ffbc4d19000 	C:\Windows\system32\NSI.dll
0x00007ffbc3e70000 - 0x00007ffbc3ebf000 	C:\Windows\SYSTEM32\cfgmgr32.dll
0x00007ffbc2770000 - 0x00007ffbc2798000 	C:\Windows\SYSTEM32\DEVOBJ.dll
0x00000000524f0000 - 0x00000000524ff000 	C:\Program Files\Java\jre1.8.0_20\bin\verify.dll
0x00000000524c0000 - 0x00000000524e8000 	C:\Program Files\Java\jre1.8.0_20\bin\java.dll
0x00000000524a0000 - 0x00000000524b6000 	C:\Program Files\Java\jre1.8.0_20\bin\zip.dll

VM Arguments:
jvm_args: -Dfile.encoding=Cp1252 
java_command: application.Main
java_class_path (initial): F:\Java Backup Code\LoginFX\bin;F:\Java\Software\sqlite-jdbc-3.27.2.1.jar
Launcher Type: SUN_STANDARD

Environment Variables:
PATH=C:/Program Files/Java/jre1.8.0_20/bin/server;C:/Program Files/Java/jre1.8.0_20/bin;C:/Program Files/Java/jre1.8.0_20/lib/amd64;C:\oraclexe\app\oracle\product\11.2.0\server\bin;;C:\ProgramData\Oracle\Java\javapath;C:\Python27\;C:\Python27\Scripts;c:\Program Files (x86)\Intel\iCLS Client\;c:\Program Files\Intel\iCLS Client\;C:\Windows\system32;C:\Windows;C:\Windows\System32\Wbem;C:\Windows\System32\WindowsPowerShell\v1.0\;C:\Program Files\Intel\Intel(R) Management Engine Components\DAL;C:\Program Files\Intel\Intel(R) Management Engine Components\IPT;C:\Program Files (x86)\Intel\Intel(R) Management Engine Components\DAL;C:\Program Files (x86)\Intel\Intel(R) Management Engine Components\IPT;C:\Program Files\Java\jdk1.8.0_111\bin;C:\Users\Salma\Desktop;
USERNAME=Salma
OS=Windows_NT
PROCESSOR_IDENTIFIER=Intel64 Family 6 Model 58 Stepping 9, GenuineIntel



---------------  S Y S T E M  ---------------

OS: Windows 8.1 , 64 bit Build 9600 

CPU:total 4 (2 cores per cpu, 2 threads per core) family 6 model 58 stepping 9, cmov, cx8, fxsr, mmx, sse, sse2, sse3, ssse3, sse4.1, sse4.2, popcnt, avx, clmul, erms, ht, tsc, tscinvbit, tscinv

Memory: 4k page, physical 4090220k(253164k free), swap 7235948k(4192k free)

vm_info: Java HotSpot(TM) 64-Bit Server VM (25.20-b23) for windows-amd64 JRE (1.8.0_20-b26), built on Jul 30 2014 13:51:23 by "java_re" with MS VC++ 10.0 (VS2010)

time: Thu Sep 12 01:17:53 2019
elapsed time: 0 seconds (0d 0h 0m 0s)

